0 info it worked if it ends with ok
1 verbose cli [ 'C:\\Program Files\\nodejs\\node.exe',
1 verbose cli   'C:\\Program Files\\nodejs\\node_modules\\npm\\bin\\npm-cli.js',
1 verbose cli   'install',
1 verbose cli   '-g',
1 verbose cli   'grunt-cli' ]
2 info using npm@2.14.7
3 info using node@v4.2.3
4 verbose install initial load of C:\Users\Balaji\AppData\Roaming\npm\package.json
5 verbose readDependencies loading dependencies from C:\Users\Balaji\AppData\Roaming\npm\package.json
6 silly cache add args [ 'grunt-cli', null ]
7 verbose cache add spec grunt-cli
8 silly cache add parsed spec Result {
8 silly cache add   raw: 'grunt-cli',
8 silly cache add   scope: null,
8 silly cache add   name: 'grunt-cli',
8 silly cache add   rawSpec: '',
8 silly cache add   spec: '*',
8 silly cache add   type: 'range' }
9 silly addNamed grunt-cli@*
10 verbose addNamed "*" is a valid semver range for grunt-cli
11 silly addNameRange { name: 'grunt-cli', range: '*', hasData: false }
12 silly mapToRegistry name grunt-cli
13 silly mapToRegistry using default registry
14 silly mapToRegistry registry https://registry.npmjs.org/
15 silly mapToRegistry uri https://registry.npmjs.org/grunt-cli
16 verbose addNameRange registry:https://registry.npmjs.org/grunt-cli not in flight; fetching
17 verbose request uri https://registry.npmjs.org/grunt-cli
18 verbose request no auth needed
19 info attempt registry request try #1 at 8:27:04 AM
20 verbose request id 79b555c1c0b0881b
21 verbose etag "16WT1MND0WDDQWO6VCOF9L436"
22 http request GET https://registry.npmjs.org/grunt-cli
23 http 304 https://registry.npmjs.org/grunt-cli
24 verbose headers { date: 'Sun, 10 Jan 2016 02:57:04 GMT',
24 verbose headers   via: '1.1 varnish',
24 verbose headers   'cache-control': 'max-age=300',
24 verbose headers   etag: '"16WT1MND0WDDQWO6VCOF9L436"',
24 verbose headers   age: '43',
24 verbose headers   connection: 'keep-alive',
24 verbose headers   'x-served-by': 'cache-sin6925-SIN',
24 verbose headers   'x-cache': 'HIT',
24 verbose headers   'x-cache-hits': '11',
24 verbose headers   'x-timer': 'S1452394624.931054,VS0,VE0',
24 verbose headers   vary: 'Accept' }
25 silly get cb [ 304,
25 silly get   { date: 'Sun, 10 Jan 2016 02:57:04 GMT',
25 silly get     via: '1.1 varnish',
25 silly get     'cache-control': 'max-age=300',
25 silly get     etag: '"16WT1MND0WDDQWO6VCOF9L436"',
25 silly get     age: '43',
25 silly get     connection: 'keep-alive',
25 silly get     'x-served-by': 'cache-sin6925-SIN',
25 silly get     'x-cache': 'HIT',
25 silly get     'x-cache-hits': '11',
25 silly get     'x-timer': 'S1452394624.931054,VS0,VE0',
25 silly get     vary: 'Accept' } ]
26 verbose etag https://registry.npmjs.org/grunt-cli from cache
27 verbose get saving grunt-cli to C:\Users\Balaji\AppData\Roaming\npm-cache\registry.npmjs.org\grunt-cli\.cache.json
28 silly addNameRange number 2 { name: 'grunt-cli', range: '*', hasData: true }
29 silly addNameRange versions [ 'grunt-cli',
29 silly addNameRange   [ '0.1.0',
29 silly addNameRange     '0.1.1',
29 silly addNameRange     '0.1.2',
29 silly addNameRange     '0.1.3',
29 silly addNameRange     '0.1.4',
29 silly addNameRange     '0.1.5',
29 silly addNameRange     '0.1.6',
29 silly addNameRange     '0.1.7',
29 silly addNameRange     '0.1.8',
29 silly addNameRange     '0.1.9',
29 silly addNameRange     '0.1.10',
29 silly addNameRange     '0.1.11',
29 silly addNameRange     '0.1.12',
29 silly addNameRange     '0.1.13' ] ]
30 silly addNamed grunt-cli@0.1.13
31 verbose addNamed "0.1.13" is a plain semver version for grunt-cli
32 silly cache afterAdd grunt-cli@0.1.13
33 verbose afterAdd C:\Users\Balaji\AppData\Roaming\npm-cache\grunt-cli\0.1.13\package\package.json not in flight; writing
34 verbose afterAdd C:\Users\Balaji\AppData\Roaming\npm-cache\grunt-cli\0.1.13\package\package.json written
35 silly install resolved [ { name: 'grunt-cli',
35 silly install resolved     description: 'The grunt command line interface.',
35 silly install resolved     version: '0.1.13',
35 silly install resolved     author: { name: 'Grunt Team' },
35 silly install resolved     homepage: 'http://gruntjs.com/',
35 silly install resolved     repository: { type: 'git', url: 'git://github.com/gruntjs/grunt-cli.git' },
35 silly install resolved     bugs: { url: 'http://github.com/gruntjs/grunt-cli/issues' },
35 silly install resolved     licenses: [ [Object] ],
35 silly install resolved     bin: { grunt: 'bin/grunt' },
35 silly install resolved     engines: { node: '>= 0.8.0' },
35 silly install resolved     scripts: { test: 'node bin/grunt test' },
35 silly install resolved     preferGlobal: true,
35 silly install resolved     dependencies: { nopt: '~1.0.10', 'findup-sync': '~0.1.0', resolve: '~0.3.1' },
35 silly install resolved     devDependencies: { grunt: '~0.4.0', 'grunt-contrib-jshint': '~0.2.0' },
35 silly install resolved     contributors: [ [Object], [Object], [Object], [Object] ],
35 silly install resolved     _id: 'grunt-cli@0.1.13',
35 silly install resolved     dist:
35 silly install resolved      { shasum: 'e9ebc4047631f5012d922770c39378133cad10f4',
35 silly install resolved        tarball: 'http://registry.npmjs.org/grunt-cli/-/grunt-cli-0.1.13.tgz' },
35 silly install resolved     _from: 'grunt-cli@*',
35 silly install resolved     _npmVersion: '1.3.24',
35 silly install resolved     _npmUser: { name: 'tkellen', email: 'tyler@sleekcode.net' },
35 silly install resolved     maintainers: [ [Object] ],
35 silly install resolved     directories: {},
35 silly install resolved     _shasum: 'e9ebc4047631f5012d922770c39378133cad10f4',
35 silly install resolved     _resolved: 'https://registry.npmjs.org/grunt-cli/-/grunt-cli-0.1.13.tgz',
35 silly install resolved     readme: 'ERROR: No README data found!' } ]
36 info install grunt-cli@0.1.13 into C:\Users\Balaji\AppData\Roaming\npm
37 info installOne grunt-cli@0.1.13
38 verbose installOne of grunt-cli to C:\Users\Balaji\AppData\Roaming\npm not in flight; installing
39 verbose lock using C:\Users\Balaji\AppData\Roaming\npm-cache\_locks\grunt-cli-44ecb6ed8b337f5b.lock for C:\Users\Balaji\AppData\Roaming\npm\node_modules\grunt-cli
40 silly install write writing grunt-cli 0.1.13 to C:\Users\Balaji\AppData\Roaming\npm\node_modules\grunt-cli
41 verbose unbuild node_modules\grunt-cli
42 info preuninstall grunt-cli@0.1.13
43 info uninstall grunt-cli@0.1.13
44 verbose unbuild rmStuff grunt-cli@0.1.13 from C:\Users\Balaji\AppData\Roaming\npm\node_modules
45 silly gentlyRm C:\Users\Balaji\AppData\Roaming\npm\grunt.cmd is being gently removed
46 silly gentlyRm verifying C:\Users\Balaji\AppData\Roaming\npm is an npm working directory
47 silly gentlyRm containing path C:\Users\Balaji\AppData\Roaming\npm is under npm's control, in C:\Users\Balaji\AppData\Roaming\npm
48 silly gentlyRm deletion target C:\Users\Balaji\AppData\Roaming\npm\grunt.cmd is under C:\Users\Balaji\AppData\Roaming\npm
49 verbose gentlyRm vacuuming from C:\Users\Balaji\AppData\Roaming\npm\grunt.cmd up to C:\Users\Balaji\AppData\Roaming\npm
50 silly gentlyRm C:\Users\Balaji\AppData\Roaming\npm\grunt is being gently removed
51 silly gentlyRm verifying C:\Users\Balaji\AppData\Roaming\npm is an npm working directory
52 silly gentlyRm containing path C:\Users\Balaji\AppData\Roaming\npm is under npm's control, in C:\Users\Balaji\AppData\Roaming\npm
53 silly gentlyRm deletion target C:\Users\Balaji\AppData\Roaming\npm\grunt is under C:\Users\Balaji\AppData\Roaming\npm
54 verbose gentlyRm vacuuming from C:\Users\Balaji\AppData\Roaming\npm\grunt up to C:\Users\Balaji\AppData\Roaming\npm
55 silly vacuum-fs Error: EPERM: operation not permitted, lstat 'C:\Users\Balaji\AppData\Roaming\npm\grunt'
55 silly vacuum-fs     at Error (native)
56 verbose unlock done using C:\Users\Balaji\AppData\Roaming\npm-cache\_locks\grunt-cli-44ecb6ed8b337f5b.lock for C:\Users\Balaji\AppData\Roaming\npm\node_modules\grunt-cli
57 verbose stack Error: EPERM: operation not permitted, lstat 'C:\Users\Balaji\AppData\Roaming\npm\grunt'
57 verbose stack     at Error (native)
58 verbose cwd C:\Users\Balaji\Documents\GitHub\my-repository-1\protractorexample
59 error Windows_NT 10.0.10240
60 error argv "C:\\Program Files\\nodejs\\node.exe" "C:\\Program Files\\nodejs\\node_modules\\npm\\bin\\npm-cli.js" "install" "-g" "grunt-cli"
61 error node v4.2.3
62 error npm  v2.14.7
63 error path C:\Users\Balaji\AppData\Roaming\npm\grunt
64 error code EPERM
65 error errno -4048
66 error syscall lstat
67 error Error: EPERM: operation not permitted, lstat 'C:\Users\Balaji\AppData\Roaming\npm\grunt'
67 error     at Error (native)
67 error  { [Error: EPERM: operation not permitted, lstat 'C:\Users\Balaji\AppData\Roaming\npm\grunt']
67 error   errno: -4048,
67 error   code: 'EPERM',
67 error   syscall: 'lstat',
67 error   path: 'C:\\Users\\Balaji\\AppData\\Roaming\\npm\\grunt' }
68 error Please try running this command again as root/Administrator.
69 verbose exit [ -4048, true ]
70 verbose unbuild node_modules\grunt-cli
71 info preuninstall grunt-cli@0.1.13
72 info uninstall grunt-cli@0.1.13
73 verbose unbuild rmStuff grunt-cli@0.1.13 from C:\Users\Balaji\AppData\Roaming\npm\node_modules
74 silly gentlyRm C:\Users\Balaji\AppData\Roaming\npm\grunt.cmd is being gently removed
75 silly gentlyRm verifying C:\Users\Balaji\AppData\Roaming\npm is an npm working directory
76 silly gentlyRm containing path C:\Users\Balaji\AppData\Roaming\npm is under npm's control, in C:\Users\Balaji\AppData\Roaming\npm
77 silly gentlyRm deletion target C:\Users\Balaji\AppData\Roaming\npm\grunt.cmd is under C:\Users\Balaji\AppData\Roaming\npm
78 verbose gentlyRm vacuuming from C:\Users\Balaji\AppData\Roaming\npm\grunt.cmd up to C:\Users\Balaji\AppData\Roaming\npm
79 silly gentlyRm C:\Users\Balaji\AppData\Roaming\npm\grunt is being gently removed
80 silly gentlyRm verifying C:\Users\Balaji\AppData\Roaming\npm is an npm working directory
81 silly gentlyRm containing path C:\Users\Balaji\AppData\Roaming\npm is under npm's control, in C:\Users\Balaji\AppData\Roaming\npm
82 silly gentlyRm deletion target C:\Users\Balaji\AppData\Roaming\npm\grunt is under C:\Users\Balaji\AppData\Roaming\npm
83 verbose gentlyRm vacuuming from C:\Users\Balaji\AppData\Roaming\npm\grunt up to C:\Users\Balaji\AppData\Roaming\npm
84 silly vacuum-fs Error: EPERM: operation not permitted, lstat 'C:\Users\Balaji\AppData\Roaming\npm\grunt'
84 silly vacuum-fs     at Error (native)
85 error error rolling back Error: EPERM: operation not permitted, lstat 'C:\Users\Balaji\AppData\Roaming\npm\grunt'
85 error error rolling back     at Error (native)
85 error error rolling back  { [Error: EPERM: operation not permitted, lstat 'C:\Users\Balaji\AppData\Roaming\npm\grunt']
85 error error rolling back   errno: -4048,
85 error error rolling back   code: 'EPERM',
85 error error rolling back   syscall: 'lstat',
85 error error rolling back   path: 'C:\\Users\\Balaji\\AppData\\Roaming\\npm\\grunt' }
